#! /opt/homebrew/Cellar/icarus-verilog/12.0/bin/vvp
:ivl_version "12.0 (stable)";
:ivl_delay_selection "TYPICAL";
:vpi_time_precision + 0;
:vpi_module "/opt/homebrew/Cellar/icarus-verilog/12.0/lib/ivl/system.vpi";
:vpi_module "/opt/homebrew/Cellar/icarus-verilog/12.0/lib/ivl/vhdl_sys.vpi";
:vpi_module "/opt/homebrew/Cellar/icarus-verilog/12.0/lib/ivl/vhdl_textio.vpi";
:vpi_module "/opt/homebrew/Cellar/icarus-verilog/12.0/lib/ivl/v2005_math.vpi";
:vpi_module "/opt/homebrew/Cellar/icarus-verilog/12.0/lib/ivl/va_math.vpi";
S_0x135604080 .scope module, "testbench" "testbench" 2 1;
 .timescale 0 0;
v0x600003d48870_0 .var "bit_count", 3 0;
v0x600003d48900_0 .net "carry", 0 0, L_0x600003e48500;  1 drivers
v0x600003d48990_0 .var "carry_in", 0 0;
v0x600003d48a20_0 .var "clk", 0 0;
v0x600003d48ab0_0 .net "inp_a", 0 0, L_0x600003e48000;  1 drivers
v0x600003d48b40_0 .net "inp_b", 0 0, L_0x600003e480a0;  1 drivers
v0x600003d48bd0_0 .net "out_sum", 0 0, L_0x600003e48460;  1 drivers
v0x600003d48c60_0 .var "sum", 7 0;
v0x600003d48cf0_0 .var "val_a", 7 0;
v0x600003d48d80_0 .var "val_b", 7 0;
E_0x600001a40000 .event posedge, v0x600003d486c0_0;
L_0x600003e48000 .part v0x600003d48cf0_0, 0, 1;
L_0x600003e480a0 .part v0x600003d48d80_0, 0, 1;
S_0x1356041f0 .scope module, "uut" "adder" 2 20, 3 1 0, S_0x135604080;
 .timescale 0 0;
    .port_info 0 /INPUT 1 "clk";
    .port_info 1 /INPUT 1 "a";
    .port_info 2 /INPUT 1 "b";
    .port_info 3 /INPUT 1 "c_in";
    .port_info 4 /OUTPUT 1 "sum";
    .port_info 5 /OUTPUT 1 "c_out";
v0x600003d48090_0 .net *"_ivl_0", 1 0, L_0x600003e48140;  1 drivers
v0x600003d48120_0 .net *"_ivl_10", 1 0, L_0x600003e48320;  1 drivers
L_0x1280400a0 .functor BUFT 1, C4<0>, C4<0>, C4<0>, C4<0>;
v0x600003d481b0_0 .net *"_ivl_13", 0 0, L_0x1280400a0;  1 drivers
L_0x128040010 .functor BUFT 1, C4<0>, C4<0>, C4<0>, C4<0>;
v0x600003d48240_0 .net *"_ivl_3", 0 0, L_0x128040010;  1 drivers
v0x600003d482d0_0 .net *"_ivl_4", 1 0, L_0x600003e481e0;  1 drivers
L_0x128040058 .functor BUFT 1, C4<0>, C4<0>, C4<0>, C4<0>;
v0x600003d48360_0 .net *"_ivl_7", 0 0, L_0x128040058;  1 drivers
v0x600003d483f0_0 .net *"_ivl_8", 1 0, L_0x600003e48280;  1 drivers
v0x600003d48480_0 .net "a", 0 0, L_0x600003e48000;  alias, 1 drivers
v0x600003d48510_0 .net "b", 0 0, L_0x600003e480a0;  alias, 1 drivers
v0x600003d485a0_0 .net "c_in", 0 0, v0x600003d48990_0;  1 drivers
v0x600003d48630_0 .net "c_out", 0 0, L_0x600003e48500;  alias, 1 drivers
v0x600003d486c0_0 .net "clk", 0 0, v0x600003d48a20_0;  1 drivers
v0x600003d48750_0 .net "result", 1 0, L_0x600003e483c0;  1 drivers
v0x600003d487e0_0 .net "sum", 0 0, L_0x600003e48460;  alias, 1 drivers
L_0x600003e48140 .concat [ 1 1 0 0], L_0x600003e48000, L_0x128040010;
L_0x600003e481e0 .concat [ 1 1 0 0], L_0x600003e480a0, L_0x128040058;
L_0x600003e48280 .arith/sum 2, L_0x600003e48140, L_0x600003e481e0;
L_0x600003e48320 .concat [ 1 1 0 0], v0x600003d48990_0, L_0x1280400a0;
L_0x600003e483c0 .arith/sum 2, L_0x600003e48280, L_0x600003e48320;
L_0x600003e48460 .part L_0x600003e483c0, 0, 1;
L_0x600003e48500 .part L_0x600003e483c0, 1, 1;
    .scope S_0x135604080;
T_0 ;
    %pushi/vec4 0, 0, 1;
    %assign/vec4 v0x600003d48990_0, 0;
    %pushi/vec4 0, 0, 1;
    %assign/vec4 v0x600003d48a20_0, 0;
    %pushi/vec4 55, 0, 8;
    %assign/vec4 v0x600003d48cf0_0, 0;
    %pushi/vec4 17, 0, 8;
    %assign/vec4 v0x600003d48d80_0, 0;
    %pushi/vec4 0, 0, 8;
    %assign/vec4 v0x600003d48c60_0, 0;
    %pushi/vec4 0, 0, 4;
    %assign/vec4 v0x600003d48870_0, 0;
    %delay 100, 0;
    %vpi_call 2 36 "$finish" {0 0 0};
    %end;
    .thread T_0;
    .scope S_0x135604080;
T_1 ;
    %delay 5, 0;
    %load/vec4 v0x600003d48a20_0;
    %inv;
    %assign/vec4 v0x600003d48a20_0, 0;
    %jmp T_1;
    .thread T_1;
    .scope S_0x135604080;
T_2 ;
    %wait E_0x600001a40000;
    %vpi_call 2 42 "$display", "A: %b, B: %b, C_IN: %b -> SUM: %b, C_OUT: %b", v0x600003d48ab0_0, v0x600003d48b40_0, v0x600003d48990_0, v0x600003d48bd0_0, v0x600003d48900_0 {0 0 0};
    %load/vec4 v0x600003d48870_0;
    %pad/u 32;
    %cmpi/ne 8, 0, 32;
    %jmp/0xz  T_2.0, 4;
    %load/vec4 v0x600003d48c60_0;
    %load/vec4 v0x600003d48bd0_0;
    %pad/u 8;
    %ix/load 4, 7, 0;
    %flag_set/imm 4, 0;
    %shiftl 4;
    %or;
    %store/vec4 v0x600003d48c60_0, 0, 8;
    %load/vec4 v0x600003d48c60_0;
    %ix/load 4, 1, 0;
    %flag_set/imm 4, 0;
    %shiftr 4;
    %store/vec4 v0x600003d48c60_0, 0, 8;
    %load/vec4 v0x600003d48cf0_0;
    %ix/load 4, 1, 0;
    %flag_set/imm 4, 0;
    %shiftr 4;
    %store/vec4 v0x600003d48cf0_0, 0, 8;
    %load/vec4 v0x600003d48d80_0;
    %ix/load 4, 1, 0;
    %flag_set/imm 4, 0;
    %shiftr 4;
    %store/vec4 v0x600003d48d80_0, 0, 8;
    %load/vec4 v0x600003d48870_0;
    %addi 1, 0, 4;
    %store/vec4 v0x600003d48870_0, 0, 4;
    %load/vec4 v0x600003d48900_0;
    %store/vec4 v0x600003d48990_0, 0, 1;
    %jmp T_2.1;
T_2.0 ;
    %vpi_call 2 51 "$display", "DONE: %b", v0x600003d48c60_0 {0 0 0};
T_2.1 ;
    %jmp T_2;
    .thread T_2;
# The file index is used to find the file name in the following table.
:file_names 4;
    "N/A";
    "<interactive>";
    "testbench.sv";
    "top.sv";
